This file contains any messages produced by compilers while
running configure, to aid debugging if configure makes a mistake.

configure:558: checking for a BSD compatible install
configure:611: checking whether build environment is sane
configure:668: checking whether make sets ${MAKE}
configure:714: checking for working aclocal
configure:727: checking for working autoconf
configure:740: checking for working automake
configure:753: checking for working autoheader
configure:766: checking for working makeinfo
configure:783: checking for gcc
configure:896: checking whether the C compiler (gcc  ) works
configure:912: gcc -o conftest    conftest.c  1>&5
configure:938: checking whether the C compiler (gcc  ) is a cross-compiler
configure:943: checking whether we are using GNU C
configure:952: gcc -E conftest.c
configure:971: checking whether gcc accepts -g
configure:1008: checking for c++
configure:1040: checking whether the C++ compiler (c++  ) works
configure:1056: c++ -o conftest    conftest.C  1>&5
configure:1082: checking whether the C++ compiler (c++  ) is a cross-compiler
configure:1087: checking whether we are using GNU C++
configure:1096: c++ -E conftest.C
configure:1115: checking whether c++ accepts -g
